<?xml version="1.0" encoding="UTF-8"?>
<!-- Generated by org.testng.reporters.JUnitXMLReporter -->
<testsuite hostname="DESKTOP-9GU8BET" ignored="0" name="logtest" tests="2" failures="1" timestamp="2020-05-20T19:32:10 BDT" time="0.083" errors="0">
  <testcase name="@BeforeMethod setUp" time="0.008" classname="com.samplesite.logintest.LoginTests">
    <failure type="java.lang.NullPointerException">
      <![CDATA[java.lang.NullPointerException
at com.samplesite.logintest.LoginTests.setUp(LoginTests.java:22)
at java.util.ArrayList.forEach(ArrayList.java:1249)
... Removed 31 stack frames]]>
    </failure>
  </testcase> <!-- @BeforeMethod setUp -->
  <testcase name="@AfterMethod tearDown" time="0.001" classname="com.samplesite.logintest.LoginTests">
    <failure type="java.lang.NullPointerException">
      <![CDATA[java.lang.NullPointerException
at com.samplesite.logintest.LoginTests.tearDown(LoginTests.java:144)
at java.util.ArrayList.forEach(ArrayList.java:1249)
... Removed 32 stack frames]]>
    </failure>
  </testcase> <!-- @AfterMethod tearDown -->
  <testcase name="PositiveLoginTest" time="0.0" classname="com.samplesite.logintest.LoginTests">
    <skipped/>
  </testcase> <!-- PositiveLoginTest -->
  <testcase name="negativeLoginTest" time="0.0" classname="com.samplesite.logintest.LoginTests">
    <failure type="org.testng.TestNGException" message="
Parameter &amp;apos;username&amp;apos; is required by @Test on method negativeLoginTest but has not been marked @Optional or defined
in C:\Users\88016\eclipse-workspace\SeleniumMavenTestNGLoginTest\testng.xml">
      <![CDATA[org.testng.TestNGException: 
Parameter 'username' is required by @Test on method negativeLoginTest but has not been marked @Optional or defined
in C:\Users\88016\eclipse-workspace\SeleniumMavenTestNGLoginTest\testng.xml
at java.util.ArrayList.forEach(ArrayList.java:1249)
... Removed 26 stack frames]]>
    </failure>
  </testcase> <!-- negativeLoginTest -->
</testsuite> <!-- logtest -->
