<?xml version="1.0" encoding="UTF-8"?>
<!-- Generated by org.testng.reporters.JUnitXMLReporter -->
<testsuite hostname="DESKTOP-9GU8BET" ignored="1" name="NegativePasswordTest" tests="1" failures="0" timestamp="2020-05-20T22:16:51 BDT" time="0.172" errors="0">
  <testcase name="@BeforeMethod setUp" time="0.136" classname="com.samplesite.logintest.LoginTests">
    <failure type="java.lang.NoSuchMethodError" message="com.google.common.base.Preconditions.checkState(ZLjava/lang/String;Ljava/lang/Object;)V">
      <![CDATA[java.lang.NoSuchMethodError: com.google.common.base.Preconditions.checkState(ZLjava/lang/String;Ljava/lang/Object;)V
at org.openqa.selenium.remote.service.DriverService.checkExecutable(DriverService.java:154)
at org.openqa.selenium.firefox.GeckoDriverService.access$000(GeckoDriverService.java:42)
at org.openqa.selenium.firefox.GeckoDriverService$Builder.usingFirefoxBinary(GeckoDriverService.java:170)
at org.openqa.selenium.firefox.GeckoDriverService$Builder.withOptions(GeckoDriverService.java:177)
at org.openqa.selenium.firefox.FirefoxDriver.toExecutor(FirefoxDriver.java:186)
at org.openqa.selenium.firefox.FirefoxDriver.<init>(FirefoxDriver.java:156)
at org.openqa.selenium.firefox.FirefoxDriver.<init>(FirefoxDriver.java:134)
at com.samplesite.logintest.LoginTests.setUp(LoginTests.java:31)
at java.util.ArrayList.forEach(ArrayList.java:1249)
... Removed 31 stack frames]]>
    </failure>
  </testcase> <!-- @BeforeMethod setUp -->
  <testcase name="@AfterMethod tearDown" time="0.0" classname="com.samplesite.logintest.LoginTests">
    <failure type="java.lang.NullPointerException">
      <![CDATA[java.lang.NullPointerException
at com.samplesite.logintest.LoginTests.tearDown(LoginTests.java:144)
at java.util.ArrayList.forEach(ArrayList.java:1249)
... Removed 32 stack frames]]>
    </failure>
  </testcase> <!-- @AfterMethod tearDown -->
  <testcase name="negativeLoginTest" time="0.0" classname="com.samplesite.logintest.LoginTests">
    <skipped/>
  </testcase> <!-- negativeLoginTest -->
  <testcase name="PositiveLoginTest" time="0.0" classname="com.samplesite.logintest.LoginTests">
    <ignored/>
  </testcase> <!-- PositiveLoginTest -->
</testsuite> <!-- NegativePasswordTest -->
