<!DOCTYPE html>

<html>
  <head>
  <meta charset='utf-8'>
  <title>TestNG reports</title>

    <link type="text/css" href="testng-reports.css" rel="stylesheet" />
    <script type="text/javascript" src="jquery-3.4.1.min.js"></script>
    <script type="text/javascript" src="testng-reports.js"></script>
    <script type="text/javascript" src="https://www.google.com/jsapi"></script>
    <script type='text/javascript'>
      google.load('visualization', '1', {packages:['table']});
      google.setOnLoadCallback(drawTable);
      var suiteTableInitFunctions = new Array();
      var suiteTableData = new Array();
    </script>
    <!--
      <script type="text/javascript" src="jquery-ui/js/jquery-ui-1.8.16.custom.min.js"></script>
     -->
  </head>

  <body>
    <div class="top-banner-root">
      <span class="top-banner-title-font">Test results</span>
      <br/>
      <span class="top-banner-font-1">1 suite, 4 failed tests</span>
    </div> <!-- top-banner-root -->
    <div class="navigator-root">
      <div class="navigator-suite-header">
        <span>All suites</span>
        <a href="#" class="collapse-all-link" title="Collapse/expand all the suites">
          <img class="collapse-all-icon" src="collapseall.gif">
          </img> <!-- collapse-all-icon -->
        </a> <!-- collapse-all-link -->
      </div> <!-- navigator-suite-header -->
      <div class="suite">
        <div class="rounded-window">
          <div class="suite-header light-rounded-window-top">
            <a href="#" class="navigator-link" panel-name="suite-loginSuite">
              <span class="suite-name border-failed">loginSuite</span>
            </a> <!-- navigator-link -->
          </div> <!-- suite-header light-rounded-window-top -->
          <div class="navigator-suite-content">
            <div class="suite-section-title">
              <span>Info</span>
            </div> <!-- suite-section-title -->
            <div class="suite-section-content">
              <ul>
                <li>
                  <a href="#" class="navigator-link " panel-name="test-xml-loginSuite">
                    <span>C:\Users\88016\Desktop\ecl-programe\SampleLoginTestUap\src\test\resources\SuiteFile\alllogin.xml</span>
                  </a> <!-- navigator-link  -->
                </li>
                <li>
                  <a href="#" class="navigator-link " panel-name="testlist-loginSuite">
                    <span class="test-stats">4 tests</span>
                  </a> <!-- navigator-link  -->
                </li>
                <li>
                  <a href="#" class="navigator-link " panel-name="group-loginSuite">
                    <span>0 groups</span>
                  </a> <!-- navigator-link  -->
                </li>
                <li>
                  <a href="#" class="navigator-link " panel-name="times-loginSuite">
                    <span>Times</span>
                  </a> <!-- navigator-link  -->
                </li>
                <li>
                  <a href="#" class="navigator-link " panel-name="reporter-loginSuite">
                    <span>Reporter output</span>
                  </a> <!-- navigator-link  -->
                </li>
                <li>
                  <a href="#" class="navigator-link " panel-name="ignored-methods-loginSuite">
                    <span>Ignored methods</span>
                  </a> <!-- navigator-link  -->
                </li>
                <li>
                  <a href="#" class="navigator-link " panel-name="chronological-loginSuite">
                    <span>Chronological view</span>
                  </a> <!-- navigator-link  -->
                </li>
              </ul>
            </div> <!-- suite-section-content -->
            <div class="result-section">
              <div class="suite-section-title">
                <span>Results</span>
              </div> <!-- suite-section-title -->
              <div class="suite-section-content">
                <ul>
                  <li>
                    <span class="method-stats">4 methods, 4 failed,   </span>
                  </li>
                  <li>
                    <span class="method-list-title failed">Failed methods</span>
                    <span class="show-or-hide-methods failed">
                      <a href="#" panel-name="suite-loginSuite" class="hide-methods failed suite-loginSuite"> (hide)</a> <!-- hide-methods failed suite-loginSuite -->
                      <a href="#" panel-name="suite-loginSuite" class="show-methods failed suite-loginSuite"> (show)</a> <!-- show-methods failed suite-loginSuite -->
                    </span>
                    <div class="method-list-content failed suite-loginSuite">
                      <span>
                        <img width="3%" src="failed.png"/>
                        <a href="#" class="method navigator-link" panel-name="suite-loginSuite" title="ucam.uap.bd.edu.LoginAutoTest" hash-for-method="negativeTest(75201128, 15201128, Invalid Login-ID, Enter valid Login-ID)">negativeTest(75201128, 15201128, Invalid Login-ID, Enter valid Login-ID)</a> <!-- method navigator-link -->
                      </span>
                      <br/>
                      <span>
                        <img width="3%" src="failed.png"/>
                        <a href="#" class="method navigator-link" panel-name="suite-loginSuite" title="ucam.uap.bd.edu.LoginAutoTest" hash-for-method="negativeTest(15201128, 15201100, Invalid password, try again...)">negativeTest(15201128, 15201100, Invalid password, try again...)</a> <!-- method navigator-link -->
                      </span>
                      <br/>
                      <span>
                        <img width="3%" src="failed.png"/>
                        <a href="#" class="method navigator-link" panel-name="suite-loginSuite" title="ucam.uap.bd.edu.LoginAutoTest" hash-for-method="negativeTest(75201128, 1456236, Invalid Login-ID, Enter valid Login-ID)">negativeTest(75201128, 1456236, Invalid Login-ID, Enter valid Login-ID)</a> <!-- method navigator-link -->
                      </span>
                      <br/>
                      <span>
                        <img width="3%" src="failed.png"/>
                        <a href="#" class="method navigator-link" panel-name="suite-loginSuite" title="ucam.uap.bd.edu.LoginAutoTest" hash-for-method="positiveTest">positiveTest</a> <!-- method navigator-link -->
                      </span>
                      <br/>
                    </div> <!-- method-list-content failed suite-loginSuite -->
                  </li>
                </ul>
              </div> <!-- suite-section-content -->
            </div> <!-- result-section -->
          </div> <!-- navigator-suite-content -->
        </div> <!-- rounded-window -->
      </div> <!-- suite -->
    </div> <!-- navigator-root -->
    <div class="wrapper">
      <div class="main-panel-root">
        <div panel-name="suite-loginSuite" class="panel loginSuite">
          <div class="suite-loginSuite-class-failed">
            <div class="main-panel-header rounded-window-top">
              <img src="failed.png"/>
              <span class="class-name">ucam.uap.bd.edu.LoginAutoTest</span>
            </div> <!-- main-panel-header rounded-window-top -->
            <div class="main-panel-content rounded-window-bottom">
              <div class="method">
                <div class="method-content">
                  <a name="negativeTest(75201128, 15201128, Invalid Login-ID, Enter valid Login-ID)">
                  </a> <!-- negativeTest(75201128, 15201128, Invalid Login-ID, Enter valid Login-ID) -->
                  <span class="method-name">negativeTest</span>
                  <span class="parameters">(75201128, 15201128, Invalid Login-ID, Enter valid Login-ID)</span>
                  <div class="stack-trace">org.openqa.selenium.StaleElementReferenceException: stale element reference: element is not attached to the page document
  (Session info: chrome=81.0.4044.138)
For documentation on this error, please visit: https://selenium.dev/exceptions/#stale_element_reference
Build info: version: &apos;4.0.0-alpha-4&apos;, revision: &apos;c2d955b49e&apos;
System info: host: &apos;DESKTOP-9GU8BET&apos;, ip: &apos;192.168.0.112&apos;, os.name: &apos;Windows 10&apos;, os.arch: &apos;amd64&apos;, os.version: &apos;10.0&apos;, java.version: &apos;1.8.0_121&apos;
Driver info: org.openqa.selenium.chrome.ChromeDriver
Capabilities {acceptInsecureCerts: false, browserName: chrome, browserVersion: 81.0.4044.138, chrome: {chromedriverVersion: 80.0.3987.106 (f68069574609..., userDataDir: C:\Users\88016\AppData\Loca...}, goog:chromeOptions: {debuggerAddress: localhost:55104}, javascriptEnabled: true, networkConnectionEnabled: false, pageLoadStrategy: normal, platform: WINDOWS, platformName: WINDOWS, proxy: Proxy(), setWindowRect: true, strictFileInteractability: false, timeouts: {implicit: 0, pageLoad: 300000, script: 30000}, unhandledPromptBehavior: dismiss and notify}
Session ID: c783e5027386eefe9d2d6c524b5654a2
	at org.openqa.selenium.remote.codec.w3c.W3CHttpResponseCodec.createException(W3CHttpResponseCodec.java:196)
	at org.openqa.selenium.remote.codec.w3c.W3CHttpResponseCodec.decode(W3CHttpResponseCodec.java:129)
	at org.openqa.selenium.remote.codec.w3c.W3CHttpResponseCodec.decode(W3CHttpResponseCodec.java:53)
	at org.openqa.selenium.remote.HttpCommandExecutor.execute(HttpCommandExecutor.java:161)
	at org.openqa.selenium.remote.service.DriverCommandExecutor.execute(DriverCommandExecutor.java:83)
	at org.openqa.selenium.remote.RemoteWebDriver.execute(RemoteWebDriver.java:582)
	at org.openqa.selenium.remote.RemoteWebElement.execute(RemoteWebElement.java:316)
	at org.openqa.selenium.remote.RemoteWebElement.getText(RemoteWebElement.java:181)
	at ucam.uap.bd.edu.LoginAutoTest.negativeTest(LoginAutoTest.java:107)
	at java.util.ArrayList.forEach(ArrayList.java:1249)
... Removed 31 stack frames
</div> <!-- stack-trace -->
                </div> <!-- method-content -->
              </div> <!-- method -->
              <div class="method">
                <div class="method-content">
                  <a name="negativeTest(15201128, 15201100, Invalid password, try again...)">
                  </a> <!-- negativeTest(15201128, 15201100, Invalid password, try again...) -->
                  <span class="method-name">negativeTest</span>
                  <span class="parameters">(15201128, 15201100, Invalid password, try again...)</span>
                  <div class="stack-trace">org.openqa.selenium.StaleElementReferenceException: stale element reference: element is not attached to the page document
  (Session info: chrome=81.0.4044.138)
For documentation on this error, please visit: https://selenium.dev/exceptions/#stale_element_reference
Build info: version: &apos;4.0.0-alpha-4&apos;, revision: &apos;c2d955b49e&apos;
System info: host: &apos;DESKTOP-9GU8BET&apos;, ip: &apos;192.168.0.112&apos;, os.name: &apos;Windows 10&apos;, os.arch: &apos;amd64&apos;, os.version: &apos;10.0&apos;, java.version: &apos;1.8.0_121&apos;
Driver info: org.openqa.selenium.chrome.ChromeDriver
Capabilities {acceptInsecureCerts: false, browserName: chrome, browserVersion: 81.0.4044.138, chrome: {chromedriverVersion: 80.0.3987.106 (f68069574609..., userDataDir: C:\Users\88016\AppData\Loca...}, goog:chromeOptions: {debuggerAddress: localhost:55223}, javascriptEnabled: true, networkConnectionEnabled: false, pageLoadStrategy: normal, platform: WINDOWS, platformName: WINDOWS, proxy: Proxy(), setWindowRect: true, strictFileInteractability: false, timeouts: {implicit: 0, pageLoad: 300000, script: 30000}, unhandledPromptBehavior: dismiss and notify}
Session ID: 29ac2c2c96af4c1d07f584c185244d47
	at org.openqa.selenium.remote.codec.w3c.W3CHttpResponseCodec.createException(W3CHttpResponseCodec.java:196)
	at org.openqa.selenium.remote.codec.w3c.W3CHttpResponseCodec.decode(W3CHttpResponseCodec.java:129)
	at org.openqa.selenium.remote.codec.w3c.W3CHttpResponseCodec.decode(W3CHttpResponseCodec.java:53)
	at org.openqa.selenium.remote.HttpCommandExecutor.execute(HttpCommandExecutor.java:161)
	at org.openqa.selenium.remote.service.DriverCommandExecutor.execute(DriverCommandExecutor.java:83)
	at org.openqa.selenium.remote.RemoteWebDriver.execute(RemoteWebDriver.java:582)
	at org.openqa.selenium.remote.RemoteWebElement.execute(RemoteWebElement.java:316)
	at org.openqa.selenium.remote.RemoteWebElement.getText(RemoteWebElement.java:181)
	at ucam.uap.bd.edu.LoginAutoTest.negativeTest(LoginAutoTest.java:107)
	at java.util.ArrayList.forEach(ArrayList.java:1249)
... Removed 31 stack frames
</div> <!-- stack-trace -->
                </div> <!-- method-content -->
              </div> <!-- method -->
              <div class="method">
                <div class="method-content">
                  <a name="negativeTest(75201128, 1456236, Invalid Login-ID, Enter valid Login-ID)">
                  </a> <!-- negativeTest(75201128, 1456236, Invalid Login-ID, Enter valid Login-ID) -->
                  <span class="method-name">negativeTest</span>
                  <span class="parameters">(75201128, 1456236, Invalid Login-ID, Enter valid Login-ID)</span>
                  <div class="stack-trace">java.lang.AssertionError: actual msg does not contain expected msg expected [true] but found [false]
	at ucam.uap.bd.edu.LoginAutoTest.negativeTest(LoginAutoTest.java:108)
	at java.util.ArrayList.forEach(ArrayList.java:1249)
... Removed 30 stack frames
</div> <!-- stack-trace -->
                </div> <!-- method-content -->
              </div> <!-- method -->
              <div class="method">
                <div class="method-content">
                  <a name="positiveTest">
                  </a> <!-- positiveTest -->
                  <span class="method-name">positiveTest</span>
                  <div class="stack-trace">org.openqa.selenium.NoSuchElementException: no such element: Unable to locate element: {&quot;method&quot;:&quot;css selector&quot;,&quot;selector&quot;:&quot;#ctl00_lblLogout&quot;}
  (Session info: chrome=81.0.4044.138)
For documentation on this error, please visit: https://selenium.dev/exceptions/#no_such_element
Build info: version: &apos;4.0.0-alpha-4&apos;, revision: &apos;c2d955b49e&apos;
System info: host: &apos;DESKTOP-9GU8BET&apos;, ip: &apos;192.168.0.112&apos;, os.name: &apos;Windows 10&apos;, os.arch: &apos;amd64&apos;, os.version: &apos;10.0&apos;, java.version: &apos;1.8.0_121&apos;
Driver info: org.openqa.selenium.chrome.ChromeDriver
Capabilities {acceptInsecureCerts: false, browserName: chrome, browserVersion: 81.0.4044.138, chrome: {chromedriverVersion: 80.0.3987.106 (f68069574609..., userDataDir: C:\Users\88016\AppData\Loca...}, goog:chromeOptions: {debuggerAddress: localhost:54988}, javascriptEnabled: true, networkConnectionEnabled: false, pageLoadStrategy: normal, platform: WINDOWS, platformName: WINDOWS, proxy: Proxy(), setWindowRect: true, strictFileInteractability: false, timeouts: {implicit: 0, pageLoad: 300000, script: 30000}, unhandledPromptBehavior: dismiss and notify}
Session ID: 5fb87af9d0c373946fb9e5a3f9dfe646
*** Element info: {Using=id, value=ctl00_lblLogout}
	at org.openqa.selenium.remote.codec.w3c.W3CHttpResponseCodec.createException(W3CHttpResponseCodec.java:196)
	at org.openqa.selenium.remote.codec.w3c.W3CHttpResponseCodec.decode(W3CHttpResponseCodec.java:129)
	at org.openqa.selenium.remote.codec.w3c.W3CHttpResponseCodec.decode(W3CHttpResponseCodec.java:53)
	at org.openqa.selenium.remote.HttpCommandExecutor.execute(HttpCommandExecutor.java:161)
	at org.openqa.selenium.remote.service.DriverCommandExecutor.execute(DriverCommandExecutor.java:83)
	at org.openqa.selenium.remote.RemoteWebDriver.execute(RemoteWebDriver.java:582)
	at org.openqa.selenium.remote.RemoteWebDriver.findElement(RemoteWebDriver.java:333)
	at org.openqa.selenium.remote.RemoteWebDriver.findElementById(RemoteWebDriver.java:381)
	at org.openqa.selenium.By$ById.findElement(By.java:194)
	at org.openqa.selenium.remote.RemoteWebDriver.findElement(RemoteWebDriver.java:325)
	at ucam.uap.bd.edu.LoginAutoTest.positiveTest(LoginAutoTest.java:69)
	at java.util.ArrayList.forEach(ArrayList.java:1249)
... Removed 31 stack frames
</div> <!-- stack-trace -->
                </div> <!-- method-content -->
              </div> <!-- method -->
            </div> <!-- main-panel-content rounded-window-bottom -->
          </div> <!-- suite-loginSuite-class-failed -->
        </div> <!-- panel loginSuite -->
        <div panel-name="test-xml-loginSuite" class="panel">
          <div class="main-panel-header rounded-window-top">
            <span class="header-content">C:\Users\88016\Desktop\ecl-programe\SampleLoginTestUap\src\test\resources\SuiteFile\alllogin.xml</span>
          </div> <!-- main-panel-header rounded-window-top -->
          <div class="main-panel-content rounded-window-bottom">
            <pre>
&lt;?xml version=&quot;1.0&quot; encoding=&quot;UTF-8&quot;?&gt;
&lt;!DOCTYPE suite SYSTEM &quot;https://testng.org/testng-1.0.dtd&quot;&gt;
&lt;suite guice-stage=&quot;DEVELOPMENT&quot; name=&quot;loginSuite&quot;&gt;
  &lt;test thread-count=&quot;5&quot; name=&quot;positiveTest&quot;&gt;
    &lt;classes&gt;
      &lt;class name=&quot;ucam.uap.bd.edu.LoginAutoTest&quot;&gt;
        &lt;methods&gt;
          &lt;include name=&quot;positiveTest&quot;/&gt;
        &lt;/methods&gt;
      &lt;/class&gt; &lt;!-- ucam.uap.bd.edu.LoginAutoTest --&gt;
    &lt;/classes&gt;
  &lt;/test&gt; &lt;!-- positiveTest --&gt;
  &lt;test thread-count=&quot;5&quot; name=&quot;negativeIDTest&quot;&gt;
    &lt;parameter name=&quot;expectedermsg&quot; value=&quot;Invalid Login-ID, Enter valid Login-ID&quot;/&gt;
    &lt;parameter name=&quot;password&quot; value=&quot;15201128&quot;/&gt;
    &lt;parameter name=&quot;loginid&quot; value=&quot;75201128&quot;/&gt;
    &lt;parameter name=&quot;browser&quot; value=&quot;chrome&quot;/&gt;
    &lt;classes&gt;
      &lt;class name=&quot;ucam.uap.bd.edu.LoginAutoTest&quot;&gt;
        &lt;methods&gt;
          &lt;include name=&quot;negativeTest&quot;/&gt;
        &lt;/methods&gt;
      &lt;/class&gt; &lt;!-- ucam.uap.bd.edu.LoginAutoTest --&gt;
    &lt;/classes&gt;
  &lt;/test&gt; &lt;!-- negativeIDTest --&gt;
  &lt;test thread-count=&quot;5&quot; name=&quot;negativePassTest&quot;&gt;
    &lt;parameter name=&quot;expectedermsg&quot; value=&quot;Invalid password, try again...&quot;/&gt;
    &lt;parameter name=&quot;password&quot; value=&quot;15201100&quot;/&gt;
    &lt;parameter name=&quot;loginid&quot; value=&quot;15201128&quot;/&gt;
    &lt;parameter name=&quot;browser&quot; value=&quot;chrome&quot;/&gt;
    &lt;classes&gt;
      &lt;class name=&quot;ucam.uap.bd.edu.LoginAutoTest&quot;&gt;
        &lt;methods&gt;
          &lt;include name=&quot;negativeTest&quot;/&gt;
        &lt;/methods&gt;
      &lt;/class&gt; &lt;!-- ucam.uap.bd.edu.LoginAutoTest --&gt;
    &lt;/classes&gt;
  &lt;/test&gt; &lt;!-- negativePassTest --&gt;
  &lt;test thread-count=&quot;5&quot; name=&quot;negativeIDPassTest&quot;&gt;
    &lt;parameter name=&quot;expectedermsg&quot; value=&quot;Invalid Login-ID, Enter valid Login-ID&quot;/&gt;
    &lt;parameter name=&quot;password&quot; value=&quot;1456236&quot;/&gt;
    &lt;parameter name=&quot;loginid&quot; value=&quot;75201128&quot;/&gt;
    &lt;parameter name=&quot;browser&quot; value=&quot;chrome&quot;/&gt;
    &lt;classes&gt;
      &lt;class name=&quot;ucam.uap.bd.edu.LoginAutoTest&quot;&gt;
        &lt;methods&gt;
          &lt;include name=&quot;negativeTest&quot;/&gt;
        &lt;/methods&gt;
      &lt;/class&gt; &lt;!-- ucam.uap.bd.edu.LoginAutoTest --&gt;
    &lt;/classes&gt;
  &lt;/test&gt; &lt;!-- negativeIDPassTest --&gt;
&lt;/suite&gt; &lt;!-- loginSuite --&gt;
            </pre>
          </div> <!-- main-panel-content rounded-window-bottom -->
        </div> <!-- panel -->
        <div panel-name="testlist-loginSuite" class="panel">
          <div class="main-panel-header rounded-window-top">
            <span class="header-content">Tests for loginSuite</span>
          </div> <!-- main-panel-header rounded-window-top -->
          <div class="main-panel-content rounded-window-bottom">
            <ul>
              <li>
                <span class="test-name">positiveTest (1 class)</span>
              </li>
              <li>
                <span class="test-name">negativeIDTest (1 class)</span>
              </li>
              <li>
                <span class="test-name">negativePassTest (1 class)</span>
              </li>
              <li>
                <span class="test-name">negativeIDPassTest (1 class)</span>
              </li>
            </ul>
          </div> <!-- main-panel-content rounded-window-bottom -->
        </div> <!-- panel -->
        <div panel-name="group-loginSuite" class="panel">
          <div class="main-panel-header rounded-window-top">
            <span class="header-content">Groups for loginSuite</span>
          </div> <!-- main-panel-header rounded-window-top -->
          <div class="main-panel-content rounded-window-bottom">
          </div> <!-- main-panel-content rounded-window-bottom -->
        </div> <!-- panel -->
        <div panel-name="times-loginSuite" class="panel">
          <div class="main-panel-header rounded-window-top">
            <span class="header-content">Times for loginSuite</span>
          </div> <!-- main-panel-header rounded-window-top -->
          <div class="main-panel-content rounded-window-bottom">
            <div class="times-div">
              <script type="text/javascript">
suiteTableInitFunctions.push('tableData_loginSuite');
function tableData_loginSuite() {
var data = new google.visualization.DataTable();
data.addColumn('number', 'Number');
data.addColumn('string', 'Method');
data.addColumn('string', 'Class');
data.addColumn('number', 'Time (ms)');
data.addRows(4);
data.setCell(0, 0, 0)
data.setCell(0, 1, 'negativeTest')
data.setCell(0, 2, 'ucam.uap.bd.edu.LoginAutoTest')
data.setCell(0, 3, 1211);
data.setCell(1, 0, 1)
data.setCell(1, 1, 'negativeTest')
data.setCell(1, 2, 'ucam.uap.bd.edu.LoginAutoTest')
data.setCell(1, 3, 1034);
data.setCell(2, 0, 2)
data.setCell(2, 1, 'positiveTest')
data.setCell(2, 2, 'ucam.uap.bd.edu.LoginAutoTest')
data.setCell(2, 3, 994);
data.setCell(3, 0, 3)
data.setCell(3, 1, 'negativeTest')
data.setCell(3, 2, 'ucam.uap.bd.edu.LoginAutoTest')
data.setCell(3, 3, 930);
window.suiteTableData['loginSuite']= { tableData: data, tableDiv: 'times-div-loginSuite'}
return data;
}
              </script>
              <span class="suite-total-time">Total running time: 4 seconds</span>
              <div id="times-div-loginSuite">
              </div> <!-- times-div-loginSuite -->
            </div> <!-- times-div -->
          </div> <!-- main-panel-content rounded-window-bottom -->
        </div> <!-- panel -->
        <div panel-name="reporter-loginSuite" class="panel">
          <div class="main-panel-header rounded-window-top">
            <span class="header-content">Reporter output for loginSuite</span>
          </div> <!-- main-panel-header rounded-window-top -->
          <div class="main-panel-content rounded-window-bottom">
          </div> <!-- main-panel-content rounded-window-bottom -->
        </div> <!-- panel -->
        <div panel-name="ignored-methods-loginSuite" class="panel">
          <div class="main-panel-header rounded-window-top">
            <span class="header-content">4 ignored methods</span>
          </div> <!-- main-panel-header rounded-window-top -->
          <div class="main-panel-content rounded-window-bottom">
            <div class="ignored-class-div">
              <span class="ignored-class-name">ucam.uap.bd.edu.LoginAutoTest</span>
              <div class="ignored-methods-div">
                <span class="ignored-method-name">negativeTest</span>
                <br/>
                <span class="ignored-method-name">positiveTest</span>
                <br/>
                <span class="ignored-method-name">positiveTest</span>
                <br/>
                <span class="ignored-method-name">positiveTest</span>
                <br/>
              </div> <!-- ignored-methods-div -->
            </div> <!-- ignored-class-div -->
          </div> <!-- main-panel-content rounded-window-bottom -->
        </div> <!-- panel -->
        <div panel-name="chronological-loginSuite" class="panel">
          <div class="main-panel-header rounded-window-top">
            <span class="header-content">Methods in chronological order</span>
          </div> <!-- main-panel-header rounded-window-top -->
          <div class="main-panel-content rounded-window-bottom">
            <div class="chronological-class">
              <div class="chronological-class-name">ucam.uap.bd.edu.LoginAutoTest</div> <!-- chronological-class-name -->
              <div class="configuration-class before">
                <span class="method-name">setUp(chrome)</span>
                <span class="method-start">0 ms</span>
              </div> <!-- configuration-class before -->
              <div class="test-method">
                <img src="failed.png">
                </img>
                <span class="method-name">positiveTest</span>
                <span class="method-start">10914 ms</span>
              </div> <!-- test-method -->
              <div class="configuration-class after">
                <span class="method-name">tearDown</span>
                <span class="method-start">12043 ms</span>
              </div> <!-- configuration-class after -->
              <div class="configuration-class before">
                <span class="method-name">setUp(chrome)</span>
                <span class="method-start">19869 ms</span>
              </div> <!-- configuration-class before -->
              <div class="test-method">
                <img src="failed.png">
                </img>
                <span class="method-name">negativeTest(75201128, 15201128, Invalid Login-ID, Enter valid Login-ID)</span>
                <span class="method-start">29814 ms</span>
              </div> <!-- test-method -->
              <div class="configuration-class after">
                <span class="method-name">tearDown</span>
                <span class="method-start">30857 ms</span>
              </div> <!-- configuration-class after -->
              <div class="configuration-class before">
                <span class="method-name">setUp(chrome)</span>
                <span class="method-start">38624 ms</span>
              </div> <!-- configuration-class before -->
              <div class="test-method">
                <img src="failed.png">
                </img>
                <span class="method-name">negativeTest(15201128, 15201100, Invalid password, try again...)</span>
                <span class="method-start">48570 ms</span>
              </div> <!-- test-method -->
              <div class="configuration-class after">
                <span class="method-name">tearDown</span>
                <span class="method-start">49509 ms</span>
              </div> <!-- configuration-class after -->
              <div class="configuration-class before">
                <span class="method-name">setUp(chrome)</span>
                <span class="method-start">57446 ms</span>
              </div> <!-- configuration-class before -->
              <div class="test-method">
                <img src="failed.png">
                </img>
                <span class="method-name">negativeTest(75201128, 1456236, Invalid Login-ID, Enter valid Login-ID)</span>
                <span class="method-start">67076 ms</span>
              </div> <!-- test-method -->
              <div class="configuration-class after">
                <span class="method-name">tearDown</span>
                <span class="method-start">68289 ms</span>
              </div> <!-- configuration-class after -->
          </div> <!-- main-panel-content rounded-window-bottom -->
        </div> <!-- panel -->
      </div> <!-- main-panel-root -->
    </div> <!-- wrapper -->
  </body>
</html>
