<?xml version="1.0" encoding="UTF-8"?>
<!-- Generated by org.testng.reporters.JUnitXMLReporter -->
<testsuite hostname="DESKTOP-9GU8BET" ignored="0" name="Test2" tests="2" failures="2" timestamp="2020-04-08T07:36:39 BDT" time="23.743" errors="0">
  <testcase name="loginChekh2" time="6.644" classname="ucam.uap.bd.edu.AllTest">
    <failure type="java.lang.AssertionError" message="actual url is not same as expected url expected [http://ucam.uap-bd.edu/Security/Home.aspx?mmi=41485d2c6c554d494e63] but found [http://ucam.uap-bd.edu/Security/LogIn.aspx]">
      <![CDATA[java.lang.AssertionError: actual url is not same as expected url expected [http://ucam.uap-bd.edu/Security/Home.aspx?mmi=41485d2c6c554d494e63] but found [http://ucam.uap-bd.edu/Security/LogIn.aspx]
at ucam.uap.bd.edu.AllTest.loginChekh2(AllTest.java:40)
at java.util.ArrayList.forEach(ArrayList.java:1249)
... Removed 31 stack frames]]>
    </failure>
  </testcase> <!-- loginChekh2 -->
  <testcase name="loginChekh3" time="0.0" classname="ucam.uap.bd.edu.AllTest">
    <failure type="org.testng.TestNGException" message="
Method loginChekh3 requires 3 parameters but 2 were supplied in the @Test annotation.">
      <![CDATA[org.testng.TestNGException: 
Method loginChekh3 requires 3 parameters but 2 were supplied in the @Test annotation.
at java.util.ArrayList.forEach(ArrayList.java:1249)
... Removed 26 stack frames]]>
    </failure>
  </testcase> <!-- loginChekh3 -->
</testsuite> <!-- Test2 -->
